2019-08-25 23:08:34 INFO  UserService:28 - Sumthing happends
2019-08-25 23:08:38 INFO  UserService:28 - Sumthing happends
2019-08-25 23:08:42 INFO  UserService:28 - Sumthing happends
2019-08-25 23:08:44 INFO  UserService:28 - Sumthing happends
2019-08-25 23:15:46 INFO  UserService:31 - Get user page
2019-08-25 23:15:50 INFO  UserService:31 - Get user page
2019-08-25 23:15:56 INFO  UserService:26 - Add user
2019-08-25 23:15:57 INFO  UserService:31 - Get user page
2019-08-25 23:15:58 INFO  UserService:31 - Get user page
2019-08-25 23:16:00 INFO  UserService:50 - Get user
2019-08-25 23:16:02 INFO  UserService:20 - Update user
2019-08-25 23:16:02 INFO  UserService:31 - Get user page
2019-08-25 23:16:04 INFO  UserService:44 - Delete user
2019-08-25 23:16:04 INFO  UserService:31 - Get user page
2019-08-25 23:16:06 INFO  TaskService:24 - Get task page
2019-08-25 23:16:12 INFO  UserService:50 - Get user
2019-08-25 23:16:12 INFO  TaskService:45 - Add task
2019-08-25 23:16:12 INFO  TaskService:24 - Get task page
2019-08-25 23:16:13 INFO  TaskService:24 - Get task page
2019-08-25 23:16:15 INFO  TaskService:57 - Get task
2019-08-25 23:16:16 INFO  UserService:50 - Get user
2019-08-25 23:16:16 INFO  TaskService:39 - Update task
2019-08-25 23:16:16 INFO  TaskService:24 - Get task page
2019-08-25 23:16:18 INFO  TaskService:51 - Delete task
2019-08-25 23:16:18 INFO  TaskService:24 - Get task page
2019-08-25 23:16:20 INFO  UserService:31 - Get user page
2019-08-27 16:35:12 INFO  UserService:31 - Get user page
2019-08-27 16:35:14 INFO  UserService:31 - Get user page
2019-08-27 16:36:37 INFO  UserService:31 - Get user page
2019-08-27 16:36:38 INFO  UserService:31 - Get user page
2019-08-27 16:37:46 INFO  UserService:31 - Get user page
2019-08-27 16:37:49 INFO  UserService:31 - Get user page
2019-08-27 16:38:29 INFO  UserService:31 - Get user page
2019-08-27 16:38:32 INFO  UserService:31 - Get user page
2019-08-27 16:53:16 INFO  UserService:31 - Get user page
2019-08-27 16:53:18 INFO  UserService:31 - Get user page
2019-08-27 16:55:23 INFO  UserService:31 - Get user page
2019-08-27 16:55:26 INFO  UserService:31 - Get user page
2019-08-27 16:56:59 INFO  UserService:31 - Get user page
2019-08-27 16:57:04 INFO  UserService:31 - Get user page
2019-08-27 16:58:11 INFO  UserService:31 - Get user page
2019-08-27 16:58:14 INFO  UserService:31 - Get user page
2019-08-27 17:00:09 INFO  UserService:31 - Get user page
2019-08-27 17:00:12 INFO  UserService:31 - Get user page
2019-08-27 17:01:42 INFO  UserService:31 - Get user page
2019-08-27 17:01:43 INFO  UserService:31 - Get user page
2019-08-27 17:03:09 INFO  UserService:31 - Get user page
2019-08-27 17:03:11 INFO  UserService:31 - Get user page
2019-08-27 17:08:51 INFO  UserService:31 - Get user page
2019-08-27 17:08:52 INFO  UserService:31 - Get user page
2019-08-27 17:09:40 INFO  UserService:31 - Get user page
2019-08-27 17:09:41 INFO  UserService:31 - Get user page
2019-08-27 17:14:41 INFO  UserService:31 - Get user page
2019-08-27 17:14:47 INFO  UserService:31 - Get user page
2019-08-27 17:14:55 INFO  UserService:31 - Get user page
2019-08-27 17:14:56 INFO  UserService:31 - Get user page
2019-08-27 17:15:01 INFO  UserService:31 - Get user page
2019-08-27 17:23:40 INFO  UserService:31 - Get user page
2019-08-27 17:23:44 INFO  UserService:31 - Get user page
2019-08-27 17:24:03 INFO  UserService:26 - Add user
2019-08-27 17:24:03 INFO  UserService:31 - Get user page
2019-08-27 17:24:05 INFO  UserService:31 - Get user page
2019-10-29 17:17:07 INFO  UserService:26 - Add user
2019-10-29 17:18:48 INFO  UserService:26 - Add user
2019-10-29 17:19:21 INFO  UserService:26 - Add user
2019-10-30 15:07:19 INFO  UserService:26 - Add user
2019-10-30 15:11:16 INFO  UserService:26 - Add user
2019-10-30 15:14:40 INFO  UserService:26 - Add user
2019-10-30 15:15:48 INFO  UserService:26 - Add user
2019-10-30 15:17:25 INFO  UserService:30 - Admin login
2019-10-30 15:17:40 INFO  UserService:26 - Add user
2019-10-30 15:18:13 INFO  UserService:26 - Add user
2019-10-30 15:18:30 INFO  UserService:30 - Admin login
2019-11-05 14:30:42 INFO  UserService:30 - Admin login
2019-11-05 14:38:16 INFO  UserService:30 - Admin login
2019-11-05 14:38:21 INFO  UserService:31 - Get user page
2019-11-05 14:39:58 INFO  UserService:30 - Admin login
2019-11-05 14:39:58 INFO  UserService:31 - Get user page
2019-11-05 14:40:10 INFO  UserService:26 - Add user
2019-11-05 14:40:10 INFO  UserService:31 - Get user page
2019-11-05 14:40:15 INFO  UserService:26 - Add user
2019-11-05 14:40:16 INFO  UserService:31 - Get user page
2019-11-05 14:40:31 INFO  UserService:26 - Add user
2019-11-05 14:40:31 INFO  UserService:31 - Get user page
2019-11-05 14:40:35 INFO  UserService:26 - Add user
2019-11-05 14:40:36 INFO  UserService:31 - Get user page
2019-11-05 14:40:39 INFO  UserService:26 - Add user
2019-11-05 14:42:13 INFO  UserService:30 - Admin login
2019-11-05 14:42:13 INFO  UserService:31 - Get user page
2019-11-05 14:42:20 INFO  UserService:26 - Add user
2019-11-05 14:42:20 INFO  UserService:31 - Get user page
2019-11-05 14:42:24 INFO  UserService:31 - Get user page
2019-11-05 14:42:25 INFO  UserService:31 - Get user page
2019-11-05 14:42:26 INFO  UserService:31 - Get user page
2019-11-05 14:42:29 INFO  UserService:26 - Add user
2019-11-05 14:42:29 INFO  UserService:31 - Get user page
2019-11-05 14:42:36 INFO  UserService:26 - Add user
2019-11-05 14:42:36 INFO  UserService:31 - Get user page
2019-11-05 14:42:40 INFO  UserService:26 - Add user
2019-11-05 14:42:40 INFO  UserService:31 - Get user page
2019-11-05 14:42:46 INFO  UserService:26 - Add user
2019-11-05 14:42:47 INFO  UserService:31 - Get user page
2019-11-05 14:42:48 INFO  UserService:50 - Get user
2019-11-05 14:42:48 INFO  TaskService:24 - Get task page
2019-11-05 14:46:42 INFO  UserService:30 - Admin login
2019-11-05 14:46:43 INFO  UserService:31 - Get user page
2019-11-05 14:46:47 INFO  UserService:31 - Get user page
2019-11-05 14:46:52 INFO  UserService:30 - Admin login
2019-11-05 14:46:52 INFO  UserService:31 - Get user page
2019-11-05 14:47:00 INFO  UserService:26 - Add user
2019-11-05 14:47:00 INFO  UserService:31 - Get user page
2019-11-05 14:47:01 INFO  UserService:50 - Get user
2019-11-05 14:47:01 INFO  TaskService:24 - Get task page
2019-11-05 14:47:03 INFO  UserService:50 - Get user
2019-11-05 14:47:04 INFO  UserService:50 - Get user
2019-11-05 14:47:04 INFO  UserService:50 - Get user
2019-11-05 14:47:04 INFO  TaskService:45 - Add task
2019-11-05 14:48:13 INFO  UserService:30 - Admin login
2019-11-05 14:48:13 INFO  UserService:31 - Get user page
2019-11-05 14:48:17 INFO  UserService:50 - Get user
2019-11-05 14:48:18 INFO  TaskService:24 - Get task page
2019-11-05 14:48:19 INFO  UserService:50 - Get user
2019-11-05 14:48:20 INFO  UserService:50 - Get user
2019-11-05 14:48:20 INFO  UserService:50 - Get user
2019-11-05 14:48:20 INFO  TaskService:45 - Add task
2019-11-05 14:48:20 INFO  UserService:50 - Get user
2019-11-05 14:48:20 INFO  TaskService:24 - Get task page
2019-11-05 14:48:21 INFO  UserService:50 - Get user
2019-11-05 14:48:24 INFO  UserService:50 - Get user
2019-11-05 14:48:24 INFO  UserService:50 - Get user
2019-11-05 14:48:24 INFO  TaskService:45 - Add task
2019-11-05 14:48:24 INFO  UserService:50 - Get user
2019-11-05 14:48:24 INFO  TaskService:24 - Get task page
2019-11-05 14:48:25 INFO  UserService:50 - Get user
2019-11-05 14:48:26 INFO  UserService:50 - Get user
2019-11-05 14:48:26 INFO  UserService:50 - Get user
2019-11-05 14:48:26 INFO  TaskService:45 - Add task
2019-11-05 14:48:26 INFO  UserService:50 - Get user
2019-11-05 14:48:26 INFO  TaskService:24 - Get task page
2019-11-05 14:48:28 INFO  UserService:31 - Get user page
2019-11-05 14:55:54 INFO  UserService:30 - Admin login
2019-11-05 14:55:54 INFO  UserService:31 - Get user page
2019-11-05 15:02:31 INFO  UserService:30 - Admin login
2019-11-05 15:02:31 INFO  UserService:31 - Get user page
2019-11-05 15:03:41 INFO  UserService:30 - Admin login
2019-11-05 15:03:41 INFO  UserService:31 - Get user page
2019-11-05 15:04:23 INFO  UserService:30 - Admin login
2019-11-05 15:04:23 INFO  UserService:31 - Get user page
2019-11-05 15:04:48 INFO  UserService:30 - Admin login
2019-11-05 15:04:48 INFO  UserService:31 - Get user page
2019-11-05 15:05:58 INFO  UserService:30 - Admin login
2019-11-05 15:05:58 INFO  UserService:31 - Get user page
2019-11-05 15:07:08 INFO  UserService:30 - Admin login
2019-11-05 15:07:08 INFO  UserService:31 - Get user page
2019-11-05 15:10:21 INFO  UserService:30 - Admin login
2019-11-05 15:10:21 INFO  UserService:31 - Get user page
2019-11-05 15:11:39 INFO  UserService:30 - Admin login
2019-11-05 15:11:39 INFO  UserService:31 - Get user page
2019-11-05 15:12:20 INFO  UserService:31 - Get user page
2019-11-05 15:12:22 INFO  UserService:30 - Admin login
2019-11-05 15:12:23 INFO  UserService:31 - Get user page
2019-11-05 15:14:13 INFO  UserService:30 - Admin login
2019-11-05 15:14:13 INFO  UserService:31 - Get user page
2019-11-05 15:15:37 INFO  UserService:30 - Admin login
2019-11-05 15:15:38 INFO  UserService:31 - Get user page
2019-11-05 15:15:43 INFO  UserService:50 - Get user
2019-11-05 15:15:43 INFO  TaskService:24 - Get task page
2019-11-05 15:15:44 INFO  UserService:31 - Get user page
2019-11-05 15:16:15 INFO  UserService:50 - Get user
2019-11-05 15:16:15 INFO  TaskService:24 - Get task page
2019-11-05 15:16:16 INFO  UserService:31 - Get user page
2019-11-05 15:16:17 INFO  UserService:50 - Get user
2019-11-05 15:16:17 INFO  TaskService:24 - Get task page
2019-11-05 15:16:19 INFO  UserService:31 - Get user page
2019-11-05 15:16:24 INFO  UserService:31 - Get user page
2019-11-05 15:16:29 INFO  UserService:50 - Get user
2019-11-05 15:16:31 INFO  UserService:31 - Get user page
2019-11-05 15:18:04 INFO  UserService:30 - Admin login
2019-11-05 15:18:05 INFO  UserService:31 - Get user page
2019-11-05 15:18:23 INFO  UserService:50 - Get user
2019-11-05 15:18:23 INFO  TaskService:24 - Get task page
2019-11-05 15:18:25 INFO  UserService:31 - Get user page
2019-11-05 15:18:26 INFO  UserService:31 - Get user page
2019-11-05 15:18:30 INFO  UserService:31 - Get user page
2019-11-05 15:18:33 INFO  UserService:30 - Admin login
2019-11-05 15:18:33 INFO  UserService:31 - Get user page
2019-11-05 15:18:38 INFO  UserService:30 - Admin login
2019-11-05 15:18:38 INFO  UserService:31 - Get user page
2019-11-05 15:18:49 INFO  UserService:34 - User login
2019-11-05 15:18:49 INFO  UserService:31 - Get user page
2019-11-05 15:18:52 INFO  UserService:31 - Get user page
2019-11-05 15:18:54 INFO  UserService:30 - Admin login
2019-11-05 15:18:55 INFO  UserService:31 - Get user page
2019-11-05 15:19:23 INFO  UserService:30 - Admin login
2019-11-05 15:19:23 INFO  UserService:31 - Get user page
2019-11-05 15:20:51 INFO  UserService:30 - Admin login
2019-11-05 15:20:51 INFO  UserService:31 - Get user page
2019-11-05 15:22:12 INFO  UserService:30 - Admin login
2019-11-05 15:22:16 INFO  UserService:31 - Get user page
2019-11-05 15:22:20 INFO  UserService:31 - Get user page
2019-11-05 15:22:23 INFO  UserService:31 - Get user page
2019-11-05 15:22:25 INFO  UserService:50 - Get user
2019-11-05 15:22:25 INFO  TaskService:24 - Get task page
2019-11-05 15:22:30 INFO  UserService:31 - Get user page
2019-11-05 15:22:38 INFO  UserService:31 - Get user page
2019-11-05 15:22:39 INFO  UserService:50 - Get user
2019-11-05 15:22:39 INFO  TaskService:24 - Get task page
2019-11-05 15:22:43 INFO  UserService:50 - Get user
2019-11-05 15:22:43 INFO  TaskService:24 - Get task page
2019-11-05 15:22:44 INFO  UserService:31 - Get user page
2019-11-05 15:22:45 INFO  UserService:50 - Get user
2019-11-05 15:22:45 INFO  TaskService:24 - Get task page
2019-11-05 15:22:46 INFO  UserService:31 - Get user page
2019-11-05 15:22:47 INFO  UserService:50 - Get user
2019-11-05 15:22:47 INFO  TaskService:24 - Get task page
2019-11-05 15:22:48 INFO  UserService:31 - Get user page
2019-11-05 15:23:04 INFO  UserService:30 - Admin login
2019-11-05 15:23:04 INFO  UserService:31 - Get user page
2019-11-05 15:23:08 INFO  UserService:50 - Get user
2019-11-05 15:23:08 INFO  TaskService:24 - Get task page
2019-11-05 15:23:10 INFO  UserService:31 - Get user page
2019-11-05 15:23:15 INFO  UserService:31 - Get user page
2019-11-05 15:23:17 INFO  UserService:31 - Get user page
2019-11-05 15:23:18 INFO  UserService:31 - Get user page
2019-11-05 15:23:31 INFO  UserService:31 - Get user page
2019-11-05 15:23:33 INFO  UserService:31 - Get user page
